{"contracts/GoodGhosting.sol":{"l":{"111":120,"112":114,"116":37,"117":35,"145":291,"146":285,"147":279,"148":273,"149":267,"150":261,"151":255,"152":249,"153":243,"154":237,"156":231,"157":231,"158":231,"159":231,"160":231,"161":231,"162":231,"163":231,"164":231,"167":231,"171":231,"173":231,"174":231,"175":231,"180":11,"185":2,"190":3,"191":1,"196":1,"202":20,"203":18,"204":16,"208":16,"209":16,"210":2,"213":16,"215":16,"216":10,"222":16,"223":2,"236":168,"242":35,"243":35,"244":31,"245":29,"246":29,"249":29,"254":29,"255":29,"258":29,"259":17,"262":29,"264":29,"265":29,"273":26,"274":26,"275":24,"276":20,"279":20,"280":6,"283":18,"284":18,"285":18,"287":13,"289":13,"290":1,"293":18,"295":18,"300":18,"301":1,"310":359,"315":357,"320":355,"328":355,"334":349,"340":347,"346":345,"347":64,"350":345,"351":345,"357":1,"363":44,"364":42,"366":42,"367":39,"373":42,"375":42,"376":7,"380":42,"385":42,"386":21,"390":42,"391":42,"392":32,"393":32,"395":10,"396":10,"400":42,"401":12,"403":30,"406":42,"413":42,"419":1246,"426":165,"434":502,"439":498,"440":498,"441":498,"444":498,"445":498,"452":498,"453":498,"458":498,"463":181,"464":175,"470":169,"471":169,"473":157,"474":157,"482":157,"483":157,"484":153,"486":157,"487":157},"path":"/Users/fodisi/dev/goodghosting-smart-contracts/contracts/GoodGhosting.sol","s":{"1":120,"2":37,"3":291,"4":285,"5":279,"6":273,"7":267,"8":261,"9":255,"10":249,"11":243,"12":237,"13":231,"14":231,"15":231,"16":231,"17":231,"18":231,"19":231,"20":231,"21":231,"22":231,"23":231,"24":231,"25":231,"26":231,"27":11,"28":2,"29":3,"30":1,"31":1,"32":20,"33":18,"34":16,"35":16,"36":16,"37":2,"38":16,"39":16,"40":10,"41":16,"42":2,"43":168,"44":35,"45":35,"46":31,"47":29,"48":29,"49":29,"50":29,"51":29,"52":29,"53":17,"54":29,"55":29,"56":29,"57":26,"58":26,"59":24,"60":20,"61":20,"62":6,"63":18,"64":18,"65":18,"66":13,"67":13,"68":1,"69":18,"70":18,"71":18,"72":1,"73":359,"74":357,"75":355,"76":355,"77":349,"78":347,"79":345,"80":64,"81":345,"82":345,"83":1,"84":44,"85":42,"86":42,"87":39,"88":42,"89":42,"90":7,"91":42,"92":42,"93":21,"94":42,"95":42,"96":32,"97":32,"98":10,"99":10,"100":42,"101":12,"102":30,"103":42,"104":42,"105":1246,"106":165,"107":502,"108":498,"109":498,"110":498,"111":498,"112":498,"113":498,"114":498,"115":498,"116":181,"117":175,"118":169,"119":169,"120":157,"121":157,"122":157,"123":157,"124":153,"125":157,"126":157},"b":{"1":[114,6],"2":[35,2],"3":[285,6],"4":[279,6],"5":[273,6],"6":[267,6],"7":[261,6],"8":[255,6],"9":[249,6],"10":[243,6],"11":[237,6],"12":[231,6],"13":[1,2],"14":[18,2],"15":[16,2],"16":[2,14],"17":[10,6],"18":[10,0],"19":[2,14],"20":[2,0],"21":[31,4],"22":[29,2],"23":[17,12],"24":[29,0],"25":[24,2],"26":[20,4],"27":[6,14],"28":[13,5],"29":[1,12],"30":[18,0],"31":[1,17],"32":[1,0],"33":[357,2],"34":[355,2],"35":[349,6],"36":[347,2],"37":[345,2],"38":[64,281],"39":[42,2],"40":[39,3],"41":[7,35],"42":[21,21],"43":[32,10],"44":[12,30],"45":[498,4],"46":[498,0],"47":[498,0],"48":[175,6],"49":[169,6],"50":[157,12],"51":[153,4]},"f":{"1":120,"2":37,"3":291,"4":11,"5":2,"6":3,"7":1,"8":20,"9":168,"10":35,"11":26,"12":359,"13":1,"14":44,"15":1246,"16":165,"17":502,"18":181},"fnMap":{"1":{"name":"whenGameIsCompleted","line":110,"loc":{"start":{"line":110,"column":4},"end":{"line":113,"column":4}}},"2":{"name":"whenGameIsNotCompleted","line":115,"loc":{"start":{"line":115,"column":4},"end":{"line":118,"column":4}}},"3":{"name":"constructor","line":133,"loc":{"start":{"line":133,"column":4},"end":{"line":176,"column":4}}},"4":{"name":"pause","line":179,"loc":{"start":{"line":179,"column":4},"end":{"line":181,"column":4}}},"5":{"name":"unpause","line":184,"loc":{"start":{"line":184,"column":4},"end":{"line":186,"column":4}}},"6":{"name":"renounceOwnership","line":189,"loc":{"start":{"line":189,"column":4},"end":{"line":192,"column":4}}},"7":{"name":"unlockRenounceOwnership","line":195,"loc":{"start":{"line":195,"column":4},"end":{"line":197,"column":4}}},"8":{"name":"adminFeeWithdraw","line":201,"loc":{"start":{"line":201,"column":4},"end":{"line":228,"column":4}}},"9":{"name":"joinGame","line":234,"loc":{"start":{"line":231,"column":4},"end":{"line":237,"column":4}}},"10":{"name":"earlyWithdraw","line":241,"loc":{"start":{"line":241,"column":4},"end":{"line":269,"column":4}}},"11":{"name":"withdraw","line":272,"loc":{"start":{"line":272,"column":4},"end":{"line":306,"column":4}}},"12":{"name":"makeDeposit","line":309,"loc":{"start":{"line":309,"column":4},"end":{"line":352,"column":4}}},"13":{"name":"getNumberOfPlayers","line":356,"loc":{"start":{"line":356,"column":4},"end":{"line":358,"column":4}}},"14":{"name":"redeemFromExternalPool","line":362,"loc":{"start":{"line":362,"column":4},"end":{"line":414,"column":4}}},"15":{"name":"getCurrentSegment","line":418,"loc":{"start":{"line":418,"column":4},"end":{"line":420,"column":4}}},"16":{"name":"isGameCompleted","line":424,"loc":{"start":{"line":424,"column":4},"end":{"line":427,"column":4}}},"17":{"name":"_transferDaiToContract","line":433,"loc":{"start":{"line":433,"column":4},"end":{"line":459,"column":4}}},"18":{"name":"_joinGame","line":462,"loc":{"start":{"line":462,"column":4},"end":{"line":488,"column":4}}}},"statementMap":{"1":{"start":{"line":111,"column":8},"end":{"line":111,"column":58}},"2":{"start":{"line":116,"column":8},"end":{"line":116,"column":63}},"3":{"start":{"line":145,"column":8},"end":{"line":145,"column":80}},"4":{"start":{"line":146,"column":8},"end":{"line":146,"column":98}},"5":{"start":{"line":147,"column":8},"end":{"line":147,"column":89}},"6":{"start":{"line":148,"column":8},"end":{"line":148,"column":82}},"7":{"start":{"line":149,"column":8},"end":{"line":149,"column":91}},"8":{"start":{"line":150,"column":8},"end":{"line":150,"column":113}},"9":{"start":{"line":151,"column":8},"end":{"line":151,"column":76}},"10":{"start":{"line":152,"column":8},"end":{"line":152,"column":78}},"11":{"start":{"line":153,"column":8},"end":{"line":153,"column":80}},"12":{"start":{"line":154,"column":8},"end":{"line":154,"column":76}},"13":{"start":{"line":156,"column":8},"end":{"line":156,"column":42}},"14":{"start":{"line":157,"column":8},"end":{"line":157,"column":34}},"15":{"start":{"line":158,"column":8},"end":{"line":158,"column":37}},"16":{"start":{"line":159,"column":8},"end":{"line":159,"column":39}},"17":{"start":{"line":160,"column":8},"end":{"line":160,"column":47}},"18":{"start":{"line":161,"column":8},"end":{"line":161,"column":29}},"19":{"start":{"line":162,"column":8},"end":{"line":162,"column":34}},"20":{"start":{"line":163,"column":8},"end":{"line":163,"column":63}},"21":{"start":{"line":164,"column":8},"end":{"line":164,"column":7658}},"22":{"start":{"line":167,"column":8},"end":{"line":167,"column":7829}},"23":{"start":{"line":171,"column":8},"end":{"line":171,"column":8073}},"24":{"start":{"line":173,"column":8},"end":{"line":173,"column":43}},"25":{"start":{"line":174,"column":8},"end":{"line":174,"column":41}},"26":{"start":{"line":175,"column":8},"end":{"line":175,"column":39}},"27":{"start":{"line":180,"column":8},"end":{"line":180,"column":15}},"28":{"start":{"line":185,"column":8},"end":{"line":185,"column":17}},"29":{"start":{"line":190,"column":8},"end":{"line":190,"column":55}},"30":{"start":{"line":191,"column":8},"end":{"line":191,"column":32}},"31":{"start":{"line":196,"column":8},"end":{"line":196,"column":38}},"32":{"start":{"line":202,"column":8},"end":{"line":202,"column":65}},"33":{"start":{"line":203,"column":8},"end":{"line":203,"column":61}},"34":{"start":{"line":204,"column":8},"end":{"line":204,"column":27}},"35":{"start":{"line":208,"column":8},"end":{"line":208,"column":40}},"36":{"start":{"line":209,"column":8},"end":{"line":209,"column":9588}},"37":{"start":{"line":210,"column":12},"end":{"line":210,"column":54}},"38":{"start":{"line":213,"column":8},"end":{"line":213,"column":94}},"39":{"start":{"line":215,"column":8},"end":{"line":215,"column":9816}},"40":{"start":{"line":216,"column":12},"end":{"line":216,"column":9858}},"41":{"start":{"line":222,"column":8},"end":{"line":222,"column":10021}},"42":{"start":{"line":223,"column":12},"end":{"line":223,"column":10069}},"43":{"start":{"line":236,"column":8},"end":{"line":236,"column":18}},"44":{"start":{"line":242,"column":8},"end":{"line":242,"column":51}},"45":{"start":{"line":243,"column":8},"end":{"line":243,"column":62}},"46":{"start":{"line":244,"column":8},"end":{"line":244,"column":65}},"47":{"start":{"line":245,"column":8},"end":{"line":245,"column":30}},"48":{"start":{"line":246,"column":8},"end":{"line":246,"column":53}},"49":{"start":{"line":249,"column":8},"end":{"line":249,"column":11065}},"50":{"start":{"line":254,"column":8},"end":{"line":254,"column":69}},"51":{"start":{"line":255,"column":8},"end":{"line":255,"column":52}},"52":{"start":{"line":258,"column":8},"end":{"line":258,"column":11484}},"53":{"start":{"line":259,"column":12},"end":{"line":259,"column":34}},"54":{"start":{"line":262,"column":8},"end":{"line":262,"column":76}},"55":{"start":{"line":264,"column":8},"end":{"line":264,"column":77}},"56":{"start":{"line":265,"column":8},"end":{"line":265,"column":11726}},"57":{"start":{"line":273,"column":8},"end":{"line":273,"column":51}},"58":{"start":{"line":274,"column":8},"end":{"line":274,"column":62}},"59":{"start":{"line":275,"column":8},"end":{"line":275,"column":65}},"60":{"start":{"line":276,"column":8},"end":{"line":276,"column":30}},"61":{"start":{"line":279,"column":8},"end":{"line":279,"column":12352}},"62":{"start":{"line":280,"column":12},"end":{"line":280,"column":35}},"63":{"start":{"line":283,"column":8},"end":{"line":283,"column":42}},"64":{"start":{"line":284,"column":8},"end":{"line":284,"column":35}},"65":{"start":{"line":285,"column":8},"end":{"line":285,"column":12507}},"66":{"start":{"line":287,"column":12},"end":{"line":287,"column":69}},"67":{"start":{"line":289,"column":12},"end":{"line":289,"column":12782}},"68":{"start":{"line":290,"column":16},"end":{"line":290,"column":73}},"69":{"start":{"line":293,"column":8},"end":{"line":293,"column":63}},"70":{"start":{"line":295,"column":8},"end":{"line":295,"column":12984}},"71":{"start":{"line":300,"column":8},"end":{"line":300,"column":13128}},"72":{"start":{"line":301,"column":12},"end":{"line":301,"column":13171}},"73":{"start":{"line":310,"column":8},"end":{"line":310,"column":13511}},"74":{"start":{"line":315,"column":8},"end":{"line":315,"column":13678}},"75":{"start":{"line":320,"column":8},"end":{"line":320,"column":52}},"76":{"start":{"line":328,"column":8},"end":{"line":328,"column":14344}},"77":{"start":{"line":334,"column":8},"end":{"line":334,"column":14577}},"78":{"start":{"line":340,"column":8},"end":{"line":340,"column":14801}},"79":{"start":{"line":346,"column":8},"end":{"line":346,"column":15066}},"80":{"start":{"line":347,"column":12},"end":{"line":347,"column":35}},"81":{"start":{"line":350,"column":8},"end":{"line":350,"column":64}},"82":{"start":{"line":351,"column":8},"end":{"line":351,"column":31}},"83":{"start":{"line":357,"column":8},"end":{"line":357,"column":37}},"84":{"start":{"line":363,"column":8},"end":{"line":363,"column":75}},"85":{"start":{"line":364,"column":8},"end":{"line":364,"column":22}},"86":{"start":{"line":366,"column":8},"end":{"line":366,"column":15920}},"87":{"start":{"line":367,"column":12},"end":{"line":367,"column":15982}},"88":{"start":{"line":373,"column":8},"end":{"line":373,"column":72}},"89":{"start":{"line":375,"column":8},"end":{"line":375,"column":16330}},"90":{"start":{"line":376,"column":12},"end":{"line":376,"column":81}},"91":{"start":{"line":380,"column":8},"end":{"line":380,"column":33}},"92":{"start":{"line":385,"column":8},"end":{"line":385,"column":16797}},"93":{"start":{"line":386,"column":12},"end":{"line":386,"column":63}},"94":{"start":{"line":390,"column":8},"end":{"line":390,"column":31}},"95":{"start":{"line":391,"column":8},"end":{"line":391,"column":17173}},"96":{"start":{"line":392,"column":12},"end":{"line":392,"column":68}},"97":{"start":{"line":393,"column":12},"end":{"line":393,"column":65}},"98":{"start":{"line":395,"column":12},"end":{"line":395,"column":30}},"99":{"start":{"line":396,"column":12},"end":{"line":396,"column":44}},"100":{"start":{"line":400,"column":8},"end":{"line":400,"column":17524}},"101":{"start":{"line":401,"column":12},"end":{"line":401,"column":41}},"102":{"start":{"line":403,"column":12},"end":{"line":403,"column":43}},"103":{"start":{"line":406,"column":8},"end":{"line":406,"column":17678}},"104":{"start":{"line":413,"column":8},"end":{"line":413,"column":41}},"105":{"start":{"line":419,"column":8},"end":{"line":419,"column":72}},"106":{"start":{"line":426,"column":8},"end":{"line":426,"column":48}},"107":{"start":{"line":434,"column":8},"end":{"line":434,"column":18729}},"108":{"start":{"line":439,"column":8},"end":{"line":439,"column":52}},"109":{"start":{"line":440,"column":8},"end":{"line":440,"column":65}},"110":{"start":{"line":441,"column":8},"end":{"line":441,"column":19039}},"111":{"start":{"line":444,"column":8},"end":{"line":444,"column":66}},"112":{"start":{"line":445,"column":8},"end":{"line":445,"column":19223}},"113":{"start":{"line":452,"column":8},"end":{"line":452,"column":67}},"114":{"start":{"line":453,"column":8},"end":{"line":453,"column":19531}},"115":{"start":{"line":458,"column":8},"end":{"line":458,"column":82}},"116":{"start":{"line":463,"column":8},"end":{"line":463,"column":68}},"117":{"start":{"line":464,"column":8},"end":{"line":464,"column":19946}},"118":{"start":{"line":470,"column":8},"end":{"line":470,"column":53}},"119":{"start":{"line":471,"column":8},"end":{"line":471,"column":96}},"120":{"start":{"line":473,"column":8},"end":{"line":473,"column":54}},"121":{"start":{"line":474,"column":8},"end":{"line":474,"column":20344}},"122":{"start":{"line":482,"column":8},"end":{"line":482,"column":38}},"123":{"start":{"line":483,"column":8},"end":{"line":483,"column":20624}},"124":{"start":{"line":484,"column":12},"end":{"line":484,"column":43}},"125":{"start":{"line":486,"column":8},"end":{"line":486,"column":51}},"126":{"start":{"line":487,"column":8},"end":{"line":487,"column":31}}},"branchMap":{"1":{"line":111,"type":"if","locations":[{"start":{"line":111,"column":8},"end":{"line":111,"column":8}},{"start":{"line":111,"column":8},"end":{"line":111,"column":8}}]},"2":{"line":116,"type":"if","locations":[{"start":{"line":116,"column":8},"end":{"line":116,"column":8}},{"start":{"line":116,"column":8},"end":{"line":116,"column":8}}]},"3":{"line":145,"type":"if","locations":[{"start":{"line":145,"column":8},"end":{"line":145,"column":8}},{"start":{"line":145,"column":8},"end":{"line":145,"column":8}}]},"4":{"line":146,"type":"if","locations":[{"start":{"line":146,"column":8},"end":{"line":146,"column":8}},{"start":{"line":146,"column":8},"end":{"line":146,"column":8}}]},"5":{"line":147,"type":"if","locations":[{"start":{"line":147,"column":8},"end":{"line":147,"column":8}},{"start":{"line":147,"column":8},"end":{"line":147,"column":8}}]},"6":{"line":148,"type":"if","locations":[{"start":{"line":148,"column":8},"end":{"line":148,"column":8}},{"start":{"line":148,"column":8},"end":{"line":148,"column":8}}]},"7":{"line":149,"type":"if","locations":[{"start":{"line":149,"column":8},"end":{"line":149,"column":8}},{"start":{"line":149,"column":8},"end":{"line":149,"column":8}}]},"8":{"line":150,"type":"if","locations":[{"start":{"line":150,"column":8},"end":{"line":150,"column":8}},{"start":{"line":150,"column":8},"end":{"line":150,"column":8}}]},"9":{"line":151,"type":"if","locations":[{"start":{"line":151,"column":8},"end":{"line":151,"column":8}},{"start":{"line":151,"column":8},"end":{"line":151,"column":8}}]},"10":{"line":152,"type":"if","locations":[{"start":{"line":152,"column":8},"end":{"line":152,"column":8}},{"start":{"line":152,"column":8},"end":{"line":152,"column":8}}]},"11":{"line":153,"type":"if","locations":[{"start":{"line":153,"column":8},"end":{"line":153,"column":8}},{"start":{"line":153,"column":8},"end":{"line":153,"column":8}}]},"12":{"line":154,"type":"if","locations":[{"start":{"line":154,"column":8},"end":{"line":154,"column":8}},{"start":{"line":154,"column":8},"end":{"line":154,"column":8}}]},"13":{"line":190,"type":"if","locations":[{"start":{"line":190,"column":8},"end":{"line":190,"column":8}},{"start":{"line":190,"column":8},"end":{"line":190,"column":8}}]},"14":{"line":202,"type":"if","locations":[{"start":{"line":202,"column":8},"end":{"line":202,"column":8}},{"start":{"line":202,"column":8},"end":{"line":202,"column":8}}]},"15":{"line":203,"type":"if","locations":[{"start":{"line":203,"column":8},"end":{"line":203,"column":8}},{"start":{"line":203,"column":8},"end":{"line":203,"column":8}}]},"16":{"line":209,"type":"if","locations":[{"start":{"line":209,"column":8},"end":{"line":209,"column":8}},{"start":{"line":209,"column":8},"end":{"line":209,"column":8}}]},"17":{"line":215,"type":"if","locations":[{"start":{"line":215,"column":8},"end":{"line":215,"column":8}},{"start":{"line":215,"column":8},"end":{"line":215,"column":8}}]},"18":{"line":216,"type":"if","locations":[{"start":{"line":216,"column":12},"end":{"line":216,"column":12}},{"start":{"line":216,"column":12},"end":{"line":216,"column":12}}]},"19":{"line":222,"type":"if","locations":[{"start":{"line":222,"column":8},"end":{"line":222,"column":8}},{"start":{"line":222,"column":8},"end":{"line":222,"column":8}}]},"20":{"line":223,"type":"if","locations":[{"start":{"line":223,"column":12},"end":{"line":223,"column":12}},{"start":{"line":223,"column":12},"end":{"line":223,"column":12}}]},"21":{"line":243,"type":"if","locations":[{"start":{"line":243,"column":8},"end":{"line":243,"column":8}},{"start":{"line":243,"column":8},"end":{"line":243,"column":8}}]},"22":{"line":244,"type":"if","locations":[{"start":{"line":244,"column":8},"end":{"line":244,"column":8}},{"start":{"line":244,"column":8},"end":{"line":244,"column":8}}]},"23":{"line":258,"type":"if","locations":[{"start":{"line":258,"column":8},"end":{"line":258,"column":8}},{"start":{"line":258,"column":8},"end":{"line":258,"column":8}}]},"24":{"line":265,"type":"if","locations":[{"start":{"line":265,"column":8},"end":{"line":265,"column":8}},{"start":{"line":265,"column":8},"end":{"line":265,"column":8}}]},"25":{"line":274,"type":"if","locations":[{"start":{"line":274,"column":8},"end":{"line":274,"column":8}},{"start":{"line":274,"column":8},"end":{"line":274,"column":8}}]},"26":{"line":275,"type":"if","locations":[{"start":{"line":275,"column":8},"end":{"line":275,"column":8}},{"start":{"line":275,"column":8},"end":{"line":275,"column":8}}]},"27":{"line":279,"type":"if","locations":[{"start":{"line":279,"column":8},"end":{"line":279,"column":8}},{"start":{"line":279,"column":8},"end":{"line":279,"column":8}}]},"28":{"line":285,"type":"if","locations":[{"start":{"line":285,"column":8},"end":{"line":285,"column":8}},{"start":{"line":285,"column":8},"end":{"line":285,"column":8}}]},"29":{"line":289,"type":"if","locations":[{"start":{"line":289,"column":12},"end":{"line":289,"column":12}},{"start":{"line":289,"column":12},"end":{"line":289,"column":12}}]},"30":{"line":295,"type":"if","locations":[{"start":{"line":295,"column":8},"end":{"line":295,"column":8}},{"start":{"line":295,"column":8},"end":{"line":295,"column":8}}]},"31":{"line":300,"type":"if","locations":[{"start":{"line":300,"column":8},"end":{"line":300,"column":8}},{"start":{"line":300,"column":8},"end":{"line":300,"column":8}}]},"32":{"line":301,"type":"if","locations":[{"start":{"line":301,"column":12},"end":{"line":301,"column":12}},{"start":{"line":301,"column":12},"end":{"line":301,"column":12}}]},"33":{"line":310,"type":"if","locations":[{"start":{"line":310,"column":8},"end":{"line":310,"column":8}},{"start":{"line":310,"column":8},"end":{"line":310,"column":8}}]},"34":{"line":315,"type":"if","locations":[{"start":{"line":315,"column":8},"end":{"line":315,"column":8}},{"start":{"line":315,"column":8},"end":{"line":315,"column":8}}]},"35":{"line":328,"type":"if","locations":[{"start":{"line":328,"column":8},"end":{"line":328,"column":8}},{"start":{"line":328,"column":8},"end":{"line":328,"column":8}}]},"36":{"line":334,"type":"if","locations":[{"start":{"line":334,"column":8},"end":{"line":334,"column":8}},{"start":{"line":334,"column":8},"end":{"line":334,"column":8}}]},"37":{"line":340,"type":"if","locations":[{"start":{"line":340,"column":8},"end":{"line":340,"column":8}},{"start":{"line":340,"column":8},"end":{"line":340,"column":8}}]},"38":{"line":346,"type":"if","locations":[{"start":{"line":346,"column":8},"end":{"line":346,"column":8}},{"start":{"line":346,"column":8},"end":{"line":346,"column":8}}]},"39":{"line":363,"type":"if","locations":[{"start":{"line":363,"column":8},"end":{"line":363,"column":8}},{"start":{"line":363,"column":8},"end":{"line":363,"column":8}}]},"40":{"line":366,"type":"if","locations":[{"start":{"line":366,"column":8},"end":{"line":366,"column":8}},{"start":{"line":366,"column":8},"end":{"line":366,"column":8}}]},"41":{"line":375,"type":"if","locations":[{"start":{"line":375,"column":8},"end":{"line":375,"column":8}},{"start":{"line":375,"column":8},"end":{"line":375,"column":8}}]},"42":{"line":385,"type":"if","locations":[{"start":{"line":385,"column":8},"end":{"line":385,"column":8}},{"start":{"line":385,"column":8},"end":{"line":385,"column":8}}]},"43":{"line":391,"type":"if","locations":[{"start":{"line":391,"column":8},"end":{"line":391,"column":8}},{"start":{"line":391,"column":8},"end":{"line":391,"column":8}}]},"44":{"line":400,"type":"if","locations":[{"start":{"line":400,"column":8},"end":{"line":400,"column":8}},{"start":{"line":400,"column":8},"end":{"line":400,"column":8}}]},"45":{"line":434,"type":"if","locations":[{"start":{"line":434,"column":8},"end":{"line":434,"column":8}},{"start":{"line":434,"column":8},"end":{"line":434,"column":8}}]},"46":{"line":445,"type":"if","locations":[{"start":{"line":445,"column":8},"end":{"line":445,"column":8}},{"start":{"line":445,"column":8},"end":{"line":445,"column":8}}]},"47":{"line":453,"type":"if","locations":[{"start":{"line":453,"column":8},"end":{"line":453,"column":8}},{"start":{"line":453,"column":8},"end":{"line":453,"column":8}}]},"48":{"line":463,"type":"if","locations":[{"start":{"line":463,"column":8},"end":{"line":463,"column":8}},{"start":{"line":463,"column":8},"end":{"line":463,"column":8}}]},"49":{"line":464,"type":"if","locations":[{"start":{"line":464,"column":8},"end":{"line":464,"column":8}},{"start":{"line":464,"column":8},"end":{"line":464,"column":8}}]},"50":{"line":471,"type":"if","locations":[{"start":{"line":471,"column":8},"end":{"line":471,"column":8}},{"start":{"line":471,"column":8},"end":{"line":471,"column":8}}]},"51":{"line":483,"type":"if","locations":[{"start":{"line":483,"column":8},"end":{"line":483,"column":8}},{"start":{"line":483,"column":8},"end":{"line":483,"column":8}}]}}},"contracts/GoodGhostingPolygon.sol":{"l":{"64":99,"65":95,"67":91,"68":91,"79":17,"80":15,"81":13,"85":13,"86":13,"87":2,"90":13,"92":13,"93":7,"99":13,"100":2,"106":13,"107":6,"108":6,"117":17,"118":17,"119":17,"120":15,"123":15,"124":3,"127":15,"128":15,"129":15,"130":15,"132":11,"133":11,"135":11,"136":1,"139":15,"141":15,"146":15,"147":1,"153":15,"154":11,"164":33,"165":31,"167":31,"168":30,"174":30,"175":30,"176":30,"180":30,"181":30,"189":31,"190":31,"192":31,"193":7,"196":31,"200":31,"201":11,"205":31,"206":31,"207":25,"208":25,"210":6,"211":6,"215":31,"216":8,"217":8,"219":23,"220":23,"223":31,"230":31},"path":"/Users/fodisi/dev/goodghosting-smart-contracts/contracts/GoodGhostingPolygon.sol","s":{"1":99,"2":95,"3":91,"4":91,"5":17,"6":15,"7":13,"8":13,"9":13,"10":2,"11":13,"12":13,"13":7,"14":13,"15":2,"16":13,"17":6,"18":6,"19":17,"20":17,"21":17,"22":15,"23":15,"24":3,"25":15,"26":15,"27":15,"28":15,"29":11,"30":11,"31":11,"32":1,"33":15,"34":15,"35":15,"36":1,"37":15,"38":11,"39":33,"40":31,"41":31,"42":30,"43":30,"44":30,"45":30,"46":30,"47":30,"48":31,"49":31,"50":31,"51":7,"52":31,"53":31,"54":11,"55":31,"56":31,"57":25,"58":25,"59":6,"60":6,"61":31,"62":8,"63":8,"64":23,"65":23,"66":31,"67":31},"b":{"1":[95,4],"2":[91,4],"3":[15,2],"4":[13,2],"5":[2,11],"6":[7,6],"7":[7,0],"8":[2,11],"9":[2,0],"10":[6,7],"11":[6,0],"12":[17,0],"13":[15,2],"14":[3,12],"15":[11,4],"16":[1,10],"17":[15,0],"18":[1,14],"19":[1,0],"20":[11,4],"21":[11,0],"22":[31,2],"23":[30,1],"24":[30,0],"25":[7,24],"26":[11,20],"27":[25,6],"28":[8,23]},"f":{"1":99,"2":17,"3":17,"4":33},"fnMap":{"1":{"name":"constructor","line":62,"loc":{"start":{"line":36,"column":4},"end":{"line":69,"column":4}}},"2":{"name":"adminFeeWithdraw","line":77,"loc":{"start":{"line":73,"column":4},"end":{"line":113,"column":4}}},"3":{"name":"withdraw","line":116,"loc":{"start":{"line":116,"column":4},"end":{"line":159,"column":4}}},"4":{"name":"redeemFromExternalPool","line":163,"loc":{"start":{"line":163,"column":4},"end":{"line":231,"column":4}}}},"statementMap":{"1":{"start":{"line":64,"column":8},"end":{"line":64,"column":90}},"2":{"start":{"line":65,"column":8},"end":{"line":65,"column":71}},"3":{"start":{"line":67,"column":8},"end":{"line":67,"column":70}},"4":{"start":{"line":68,"column":8},"end":{"line":68,"column":21}},"5":{"start":{"line":79,"column":8},"end":{"line":79,"column":65}},"6":{"start":{"line":80,"column":8},"end":{"line":80,"column":61}},"7":{"start":{"line":81,"column":8},"end":{"line":81,"column":27}},"8":{"start":{"line":85,"column":8},"end":{"line":85,"column":40}},"9":{"start":{"line":86,"column":8},"end":{"line":86,"column":3901}},"10":{"start":{"line":87,"column":12},"end":{"line":87,"column":54}},"11":{"start":{"line":90,"column":8},"end":{"line":90,"column":94}},"12":{"start":{"line":92,"column":8},"end":{"line":92,"column":4129}},"13":{"start":{"line":93,"column":12},"end":{"line":93,"column":4171}},"14":{"start":{"line":99,"column":8},"end":{"line":99,"column":4334}},"15":{"start":{"line":100,"column":12},"end":{"line":100,"column":4382}},"16":{"start":{"line":106,"column":8},"end":{"line":106,"column":4567}},"17":{"start":{"line":107,"column":12},"end":{"line":107,"column":68}},"18":{"start":{"line":108,"column":12},"end":{"line":108,"column":4682}},"19":{"start":{"line":117,"column":8},"end":{"line":117,"column":51}},"20":{"start":{"line":118,"column":8},"end":{"line":118,"column":62}},"21":{"start":{"line":119,"column":8},"end":{"line":119,"column":65}},"22":{"start":{"line":120,"column":8},"end":{"line":120,"column":30}},"23":{"start":{"line":123,"column":8},"end":{"line":123,"column":5313}},"24":{"start":{"line":124,"column":12},"end":{"line":124,"column":35}},"25":{"start":{"line":127,"column":8},"end":{"line":127,"column":42}},"26":{"start":{"line":128,"column":8},"end":{"line":128,"column":35}},"27":{"start":{"line":129,"column":8},"end":{"line":129,"column":32}},"28":{"start":{"line":130,"column":8},"end":{"line":130,"column":5502}},"29":{"start":{"line":132,"column":12},"end":{"line":132,"column":69}},"30":{"start":{"line":133,"column":12},"end":{"line":133,"column":42}},"31":{"start":{"line":135,"column":12},"end":{"line":135,"column":5822}},"32":{"start":{"line":136,"column":16},"end":{"line":136,"column":73}},"33":{"start":{"line":139,"column":8},"end":{"line":139,"column":74}},"34":{"start":{"line":141,"column":8},"end":{"line":141,"column":6035}},"35":{"start":{"line":146,"column":8},"end":{"line":146,"column":6179}},"36":{"start":{"line":147,"column":12},"end":{"line":147,"column":6222}},"37":{"start":{"line":153,"column":8},"end":{"line":153,"column":6409}},"38":{"start":{"line":154,"column":12},"end":{"line":154,"column":6449}},"39":{"start":{"line":164,"column":8},"end":{"line":164,"column":75}},"40":{"start":{"line":165,"column":8},"end":{"line":165,"column":22}},"41":{"start":{"line":167,"column":8},"end":{"line":167,"column":7065}},"42":{"start":{"line":168,"column":12},"end":{"line":168,"column":7127}},"43":{"start":{"line":174,"column":12},"end":{"line":174,"column":54}},"44":{"start":{"line":175,"column":12},"end":{"line":175,"column":41}},"45":{"start":{"line":176,"column":12},"end":{"line":176,"column":7434}},"46":{"start":{"line":180,"column":12},"end":{"line":180,"column":7580}},"47":{"start":{"line":181,"column":16},"end":{"line":181,"column":7628}},"48":{"start":{"line":189,"column":8},"end":{"line":189,"column":72}},"49":{"start":{"line":190,"column":8},"end":{"line":190,"column":70}},"50":{"start":{"line":192,"column":8},"end":{"line":192,"column":8075}},"51":{"start":{"line":193,"column":12},"end":{"line":193,"column":81}},"52":{"start":{"line":196,"column":8},"end":{"line":196,"column":33}},"53":{"start":{"line":200,"column":8},"end":{"line":200,"column":8540}},"54":{"start":{"line":201,"column":12},"end":{"line":201,"column":63}},"55":{"start":{"line":205,"column":8},"end":{"line":205,"column":31}},"56":{"start":{"line":206,"column":8},"end":{"line":206,"column":8916}},"57":{"start":{"line":207,"column":12},"end":{"line":207,"column":68}},"58":{"start":{"line":208,"column":12},"end":{"line":208,"column":65}},"59":{"start":{"line":210,"column":12},"end":{"line":210,"column":30}},"60":{"start":{"line":211,"column":12},"end":{"line":211,"column":44}},"61":{"start":{"line":215,"column":8},"end":{"line":215,"column":9267}},"62":{"start":{"line":216,"column":12},"end":{"line":216,"column":31}},"63":{"start":{"line":217,"column":12},"end":{"line":217,"column":41}},"64":{"start":{"line":219,"column":12},"end":{"line":219,"column":63}},"65":{"start":{"line":220,"column":12},"end":{"line":220,"column":43}},"66":{"start":{"line":223,"column":8},"end":{"line":223,"column":9521}},"67":{"start":{"line":230,"column":8},"end":{"line":230,"column":41}}},"branchMap":{"1":{"line":64,"type":"if","locations":[{"start":{"line":64,"column":8},"end":{"line":64,"column":8}},{"start":{"line":64,"column":8},"end":{"line":64,"column":8}}]},"2":{"line":65,"type":"if","locations":[{"start":{"line":65,"column":8},"end":{"line":65,"column":8}},{"start":{"line":65,"column":8},"end":{"line":65,"column":8}}]},"3":{"line":79,"type":"if","locations":[{"start":{"line":79,"column":8},"end":{"line":79,"column":8}},{"start":{"line":79,"column":8},"end":{"line":79,"column":8}}]},"4":{"line":80,"type":"if","locations":[{"start":{"line":80,"column":8},"end":{"line":80,"column":8}},{"start":{"line":80,"column":8},"end":{"line":80,"column":8}}]},"5":{"line":86,"type":"if","locations":[{"start":{"line":86,"column":8},"end":{"line":86,"column":8}},{"start":{"line":86,"column":8},"end":{"line":86,"column":8}}]},"6":{"line":92,"type":"if","locations":[{"start":{"line":92,"column":8},"end":{"line":92,"column":8}},{"start":{"line":92,"column":8},"end":{"line":92,"column":8}}]},"7":{"line":93,"type":"if","locations":[{"start":{"line":93,"column":12},"end":{"line":93,"column":12}},{"start":{"line":93,"column":12},"end":{"line":93,"column":12}}]},"8":{"line":99,"type":"if","locations":[{"start":{"line":99,"column":8},"end":{"line":99,"column":8}},{"start":{"line":99,"column":8},"end":{"line":99,"column":8}}]},"9":{"line":100,"type":"if","locations":[{"start":{"line":100,"column":12},"end":{"line":100,"column":12}},{"start":{"line":100,"column":12},"end":{"line":100,"column":12}}]},"10":{"line":106,"type":"if","locations":[{"start":{"line":106,"column":8},"end":{"line":106,"column":8}},{"start":{"line":106,"column":8},"end":{"line":106,"column":8}}]},"11":{"line":108,"type":"if","locations":[{"start":{"line":108,"column":12},"end":{"line":108,"column":12}},{"start":{"line":108,"column":12},"end":{"line":108,"column":12}}]},"12":{"line":118,"type":"if","locations":[{"start":{"line":118,"column":8},"end":{"line":118,"column":8}},{"start":{"line":118,"column":8},"end":{"line":118,"column":8}}]},"13":{"line":119,"type":"if","locations":[{"start":{"line":119,"column":8},"end":{"line":119,"column":8}},{"start":{"line":119,"column":8},"end":{"line":119,"column":8}}]},"14":{"line":123,"type":"if","locations":[{"start":{"line":123,"column":8},"end":{"line":123,"column":8}},{"start":{"line":123,"column":8},"end":{"line":123,"column":8}}]},"15":{"line":130,"type":"if","locations":[{"start":{"line":130,"column":8},"end":{"line":130,"column":8}},{"start":{"line":130,"column":8},"end":{"line":130,"column":8}}]},"16":{"line":135,"type":"if","locations":[{"start":{"line":135,"column":12},"end":{"line":135,"column":12}},{"start":{"line":135,"column":12},"end":{"line":135,"column":12}}]},"17":{"line":141,"type":"if","locations":[{"start":{"line":141,"column":8},"end":{"line":141,"column":8}},{"start":{"line":141,"column":8},"end":{"line":141,"column":8}}]},"18":{"line":146,"type":"if","locations":[{"start":{"line":146,"column":8},"end":{"line":146,"column":8}},{"start":{"line":146,"column":8},"end":{"line":146,"column":8}}]},"19":{"line":147,"type":"if","locations":[{"start":{"line":147,"column":12},"end":{"line":147,"column":12}},{"start":{"line":147,"column":12},"end":{"line":147,"column":12}}]},"20":{"line":153,"type":"if","locations":[{"start":{"line":153,"column":8},"end":{"line":153,"column":8}},{"start":{"line":153,"column":8},"end":{"line":153,"column":8}}]},"21":{"line":154,"type":"if","locations":[{"start":{"line":154,"column":12},"end":{"line":154,"column":12}},{"start":{"line":154,"column":12},"end":{"line":154,"column":12}}]},"22":{"line":164,"type":"if","locations":[{"start":{"line":164,"column":8},"end":{"line":164,"column":8}},{"start":{"line":164,"column":8},"end":{"line":164,"column":8}}]},"23":{"line":167,"type":"if","locations":[{"start":{"line":167,"column":8},"end":{"line":167,"column":8}},{"start":{"line":167,"column":8},"end":{"line":167,"column":8}}]},"24":{"line":180,"type":"if","locations":[{"start":{"line":180,"column":12},"end":{"line":180,"column":12}},{"start":{"line":180,"column":12},"end":{"line":180,"column":12}}]},"25":{"line":192,"type":"if","locations":[{"start":{"line":192,"column":8},"end":{"line":192,"column":8}},{"start":{"line":192,"column":8},"end":{"line":192,"column":8}}]},"26":{"line":200,"type":"if","locations":[{"start":{"line":200,"column":8},"end":{"line":200,"column":8}},{"start":{"line":200,"column":8},"end":{"line":200,"column":8}}]},"27":{"line":206,"type":"if","locations":[{"start":{"line":206,"column":8},"end":{"line":206,"column":8}},{"start":{"line":206,"column":8},"end":{"line":206,"column":8}}]},"28":{"line":215,"type":"if","locations":[{"start":{"line":215,"column":8},"end":{"line":215,"column":8}},{"start":{"line":215,"column":8},"end":{"line":215,"column":8}}]}}},"contracts/GoodGhostingPolygonWhitelisted.sol":{"l":{"68":4,"79":15,"80":13},"path":"/Users/fodisi/dev/goodghosting-smart-contracts/contracts/GoodGhostingPolygonWhitelisted.sol","s":{"1":4,"2":15,"3":13},"b":{},"f":{"1":30,"2":4,"3":15},"fnMap":{"1":{"name":"constructor","line":56,"loc":{"start":{"line":26,"column":4},"end":{"line":59,"column":4}}},"2":{"name":"joinGame","line":66,"loc":{"start":{"line":63,"column":4},"end":{"line":69,"column":4}}},"3":{"name":"joinWhitelistedGame","line":77,"loc":{"start":{"line":75,"column":4},"end":{"line":81,"column":4}}}},"statementMap":{"1":{"start":{"line":68,"column":8},"end":{"line":68,"column":91}},"2":{"start":{"line":79,"column":6},"end":{"line":79,"column":48}},"3":{"start":{"line":80,"column":6},"end":{"line":80,"column":16}}},"branchMap":{}},"contracts/merkle/IMerkleDistributor.sol":{"l":{},"path":"/Users/fodisi/dev/goodghosting-smart-contracts/contracts/merkle/IMerkleDistributor.sol","s":{},"b":{},"f":{},"fnMap":{},"statementMap":{},"branchMap":{}},"contracts/MerkleDistributor.sol":{"l":{"15":30,"30":15,"31":15},"path":"/Users/fodisi/dev/goodghosting-smart-contracts/contracts/MerkleDistributor.sol","s":{"1":30,"2":15,"3":15},"b":{"1":[13,2]},"f":{"1":30,"2":15},"fnMap":{"1":{"name":"constructor","line":14,"loc":{"start":{"line":14,"column":4},"end":{"line":16,"column":4}}},"2":{"name":"claim","line":23,"loc":{"start":{"line":23,"column":4},"end":{"line":35,"column":4}}}},"statementMap":{"1":{"start":{"line":15,"column":8},"end":{"line":15,"column":31}},"2":{"start":{"line":30,"column":8},"end":{"line":30,"column":75}},"3":{"start":{"line":31,"column":8},"end":{"line":31,"column":1103}}},"branchMap":{"1":{"line":31,"type":"if","locations":[{"start":{"line":31,"column":8},"end":{"line":31,"column":8}},{"start":{"line":31,"column":8},"end":{"line":31,"column":8}}]}}}}