{"contracts/GoodGhosting.sol":{"l":{"105":120,"106":114,"110":35,"111":33,"139":218,"140":212,"141":206,"142":200,"144":194,"145":194,"146":194,"147":194,"148":194,"149":194,"150":194,"151":194,"152":194,"155":194,"159":194,"161":194,"162":194,"163":194,"166":194,"167":194,"175":11,"180":2,"186":20,"187":18,"188":16,"192":16,"193":16,"194":2,"197":16,"199":16,"200":10,"206":16,"207":2,"220":155,"226":33,"227":33,"228":29,"229":27,"231":27,"236":27,"237":27,"240":27,"241":15,"244":27,"246":27,"247":27,"255":26,"256":26,"257":24,"258":20,"261":20,"262":6,"265":18,"266":18,"267":18,"269":13,"271":13,"272":1,"275":18,"277":18,"282":18,"283":1,"292":359,"297":357,"302":355,"310":355,"316":349,"322":347,"328":345,"329":64,"332":345,"333":345,"339":1,"345":44,"346":42,"348":42,"349":39,"355":42,"357":42,"358":7,"362":42,"367":42,"368":21,"372":42,"373":42,"374":32,"375":32,"377":10,"378":10,"382":42,"383":12,"385":30,"388":42,"395":42,"401":1224,"408":163,"416":497,"421":493,"422":493,"423":493,"426":493,"427":493,"432":493,"437":168,"438":162,"443":156,"444":156,"452":156,"453":156,"454":153,"455":153,"457":152,"458":152},"path":"/media/fodisi/56401C55401C3DE5/dev/Projects/goodghosting-smart-contracts/contracts/GoodGhosting.sol","s":{"1":120,"2":35,"3":218,"4":212,"5":206,"6":200,"7":194,"8":194,"9":194,"10":194,"11":194,"12":194,"13":194,"14":194,"15":194,"16":194,"17":194,"18":194,"19":194,"20":194,"21":194,"22":194,"23":11,"24":2,"25":20,"26":18,"27":16,"28":16,"29":16,"30":2,"31":16,"32":16,"33":10,"34":16,"35":2,"36":155,"37":33,"38":33,"39":29,"40":27,"41":27,"42":27,"43":27,"44":27,"45":15,"46":27,"47":27,"48":27,"49":26,"50":26,"51":24,"52":20,"53":20,"54":6,"55":18,"56":18,"57":18,"58":13,"59":13,"60":1,"61":18,"62":18,"63":18,"64":1,"65":359,"66":357,"67":355,"68":355,"69":349,"70":347,"71":345,"72":64,"73":345,"74":345,"75":1,"76":44,"77":42,"78":42,"79":39,"80":42,"81":42,"82":7,"83":42,"84":42,"85":21,"86":42,"87":42,"88":32,"89":32,"90":10,"91":10,"92":42,"93":12,"94":30,"95":42,"96":42,"97":1224,"98":163,"99":497,"100":493,"101":493,"102":493,"103":493,"104":493,"105":493,"106":168,"107":162,"108":156,"109":156,"110":156,"111":156,"112":153,"113":153,"114":152,"115":152},"b":{"1":[114,6],"2":[33,2],"3":[212,6],"4":[206,6],"5":[200,6],"6":[194,6],"7":[194,0],"8":[18,2],"9":[16,2],"10":[2,14],"11":[10,6],"12":[10,0],"13":[2,14],"14":[2,0],"15":[29,4],"16":[27,2],"17":[15,12],"18":[27,0],"19":[24,2],"20":[20,4],"21":[6,14],"22":[13,5],"23":[1,12],"24":[18,0],"25":[1,17],"26":[1,0],"27":[357,2],"28":[355,2],"29":[349,6],"30":[347,2],"31":[345,2],"32":[64,281],"33":[42,2],"34":[39,3],"35":[7,35],"36":[21,21],"37":[32,10],"38":[12,30],"39":[493,4],"40":[493,0],"41":[162,6],"42":[156,6],"43":[153,3],"44":[149,4]},"f":{"1":120,"2":35,"3":218,"4":11,"5":2,"6":20,"7":155,"8":33,"9":26,"10":359,"11":1,"12":44,"13":1224,"14":163,"15":497,"16":168},"fnMap":{"1":{"name":"whenGameIsCompleted","line":104,"loc":{"start":{"line":104,"column":4},"end":{"line":107,"column":4}}},"2":{"name":"whenGameIsNotCompleted","line":109,"loc":{"start":{"line":109,"column":4},"end":{"line":112,"column":4}}},"3":{"name":"constructor","line":127,"loc":{"start":{"line":127,"column":4},"end":{"line":171,"column":4}}},"4":{"name":"pause","line":174,"loc":{"start":{"line":174,"column":4},"end":{"line":176,"column":4}}},"5":{"name":"unpause","line":179,"loc":{"start":{"line":179,"column":4},"end":{"line":181,"column":4}}},"6":{"name":"adminFeeWithdraw","line":185,"loc":{"start":{"line":185,"column":4},"end":{"line":212,"column":4}}},"7":{"name":"joinGame","line":218,"loc":{"start":{"line":215,"column":4},"end":{"line":221,"column":4}}},"8":{"name":"earlyWithdraw","line":225,"loc":{"start":{"line":225,"column":4},"end":{"line":251,"column":4}}},"9":{"name":"withdraw","line":254,"loc":{"start":{"line":254,"column":4},"end":{"line":288,"column":4}}},"10":{"name":"makeDeposit","line":291,"loc":{"start":{"line":291,"column":4},"end":{"line":334,"column":4}}},"11":{"name":"getNumberOfPlayers","line":338,"loc":{"start":{"line":338,"column":4},"end":{"line":340,"column":4}}},"12":{"name":"redeemFromExternalPool","line":344,"loc":{"start":{"line":344,"column":4},"end":{"line":396,"column":4}}},"13":{"name":"getCurrentSegment","line":400,"loc":{"start":{"line":400,"column":4},"end":{"line":402,"column":4}}},"14":{"name":"isGameCompleted","line":406,"loc":{"start":{"line":406,"column":4},"end":{"line":409,"column":4}}},"15":{"name":"_transferDaiToContract","line":415,"loc":{"start":{"line":415,"column":4},"end":{"line":433,"column":4}}},"16":{"name":"_joinGame","line":436,"loc":{"start":{"line":436,"column":4},"end":{"line":459,"column":4}}}},"statementMap":{"1":{"start":{"line":105,"column":8},"end":{"line":105,"column":58}},"2":{"start":{"line":110,"column":8},"end":{"line":110,"column":63}},"3":{"start":{"line":139,"column":8},"end":{"line":139,"column":32}},"4":{"start":{"line":140,"column":8},"end":{"line":140,"column":41}},"5":{"start":{"line":141,"column":8},"end":{"line":141,"column":39}},"6":{"start":{"line":142,"column":8},"end":{"line":142,"column":82}},"7":{"start":{"line":144,"column":8},"end":{"line":144,"column":42}},"8":{"start":{"line":145,"column":8},"end":{"line":145,"column":34}},"9":{"start":{"line":146,"column":8},"end":{"line":146,"column":37}},"10":{"start":{"line":147,"column":8},"end":{"line":147,"column":39}},"11":{"start":{"line":148,"column":8},"end":{"line":148,"column":47}},"12":{"start":{"line":149,"column":8},"end":{"line":149,"column":29}},"13":{"start":{"line":150,"column":8},"end":{"line":150,"column":34}},"14":{"start":{"line":151,"column":8},"end":{"line":151,"column":63}},"15":{"start":{"line":152,"column":8},"end":{"line":152,"column":6658}},"16":{"start":{"line":155,"column":8},"end":{"line":155,"column":6829}},"17":{"start":{"line":159,"column":8},"end":{"line":159,"column":7073}},"18":{"start":{"line":161,"column":8},"end":{"line":161,"column":43}},"19":{"start":{"line":162,"column":8},"end":{"line":162,"column":41}},"20":{"start":{"line":163,"column":8},"end":{"line":163,"column":39}},"21":{"start":{"line":166,"column":8},"end":{"line":166,"column":42}},"22":{"start":{"line":167,"column":8},"end":{"line":167,"column":7402}},"23":{"start":{"line":175,"column":8},"end":{"line":175,"column":15}},"24":{"start":{"line":180,"column":8},"end":{"line":180,"column":17}},"25":{"start":{"line":186,"column":8},"end":{"line":186,"column":65}},"26":{"start":{"line":187,"column":8},"end":{"line":187,"column":61}},"27":{"start":{"line":188,"column":8},"end":{"line":188,"column":27}},"28":{"start":{"line":192,"column":8},"end":{"line":192,"column":40}},"29":{"start":{"line":193,"column":8},"end":{"line":193,"column":8544}},"30":{"start":{"line":194,"column":12},"end":{"line":194,"column":54}},"31":{"start":{"line":197,"column":8},"end":{"line":197,"column":94}},"32":{"start":{"line":199,"column":8},"end":{"line":199,"column":8772}},"33":{"start":{"line":200,"column":12},"end":{"line":200,"column":8814}},"34":{"start":{"line":206,"column":8},"end":{"line":206,"column":8977}},"35":{"start":{"line":207,"column":12},"end":{"line":207,"column":9025}},"36":{"start":{"line":220,"column":8},"end":{"line":220,"column":18}},"37":{"start":{"line":226,"column":8},"end":{"line":226,"column":51}},"38":{"start":{"line":227,"column":8},"end":{"line":227,"column":62}},"39":{"start":{"line":228,"column":8},"end":{"line":228,"column":65}},"40":{"start":{"line":229,"column":8},"end":{"line":229,"column":30}},"41":{"start":{"line":231,"column":8},"end":{"line":231,"column":9964}},"42":{"start":{"line":236,"column":8},"end":{"line":236,"column":69}},"43":{"start":{"line":237,"column":8},"end":{"line":237,"column":52}},"44":{"start":{"line":240,"column":8},"end":{"line":240,"column":10383}},"45":{"start":{"line":241,"column":12},"end":{"line":241,"column":34}},"46":{"start":{"line":244,"column":8},"end":{"line":244,"column":76}},"47":{"start":{"line":246,"column":8},"end":{"line":246,"column":77}},"48":{"start":{"line":247,"column":8},"end":{"line":247,"column":10625}},"49":{"start":{"line":255,"column":8},"end":{"line":255,"column":51}},"50":{"start":{"line":256,"column":8},"end":{"line":256,"column":62}},"51":{"start":{"line":257,"column":8},"end":{"line":257,"column":65}},"52":{"start":{"line":258,"column":8},"end":{"line":258,"column":30}},"53":{"start":{"line":261,"column":8},"end":{"line":261,"column":11251}},"54":{"start":{"line":262,"column":12},"end":{"line":262,"column":35}},"55":{"start":{"line":265,"column":8},"end":{"line":265,"column":42}},"56":{"start":{"line":266,"column":8},"end":{"line":266,"column":35}},"57":{"start":{"line":267,"column":8},"end":{"line":267,"column":11406}},"58":{"start":{"line":269,"column":12},"end":{"line":269,"column":69}},"59":{"start":{"line":271,"column":12},"end":{"line":271,"column":11681}},"60":{"start":{"line":272,"column":16},"end":{"line":272,"column":73}},"61":{"start":{"line":275,"column":8},"end":{"line":275,"column":63}},"62":{"start":{"line":277,"column":8},"end":{"line":277,"column":11883}},"63":{"start":{"line":282,"column":8},"end":{"line":282,"column":12027}},"64":{"start":{"line":283,"column":12},"end":{"line":283,"column":12070}},"65":{"start":{"line":292,"column":8},"end":{"line":292,"column":12410}},"66":{"start":{"line":297,"column":8},"end":{"line":297,"column":12577}},"67":{"start":{"line":302,"column":8},"end":{"line":302,"column":52}},"68":{"start":{"line":310,"column":8},"end":{"line":310,"column":13243}},"69":{"start":{"line":316,"column":8},"end":{"line":316,"column":13476}},"70":{"start":{"line":322,"column":8},"end":{"line":322,"column":13700}},"71":{"start":{"line":328,"column":8},"end":{"line":328,"column":13965}},"72":{"start":{"line":329,"column":12},"end":{"line":329,"column":35}},"73":{"start":{"line":332,"column":8},"end":{"line":332,"column":64}},"74":{"start":{"line":333,"column":8},"end":{"line":333,"column":31}},"75":{"start":{"line":339,"column":8},"end":{"line":339,"column":37}},"76":{"start":{"line":345,"column":8},"end":{"line":345,"column":75}},"77":{"start":{"line":346,"column":8},"end":{"line":346,"column":22}},"78":{"start":{"line":348,"column":8},"end":{"line":348,"column":14819}},"79":{"start":{"line":349,"column":12},"end":{"line":349,"column":14881}},"80":{"start":{"line":355,"column":8},"end":{"line":355,"column":72}},"81":{"start":{"line":357,"column":8},"end":{"line":357,"column":15229}},"82":{"start":{"line":358,"column":12},"end":{"line":358,"column":81}},"83":{"start":{"line":362,"column":8},"end":{"line":362,"column":33}},"84":{"start":{"line":367,"column":8},"end":{"line":367,"column":15696}},"85":{"start":{"line":368,"column":12},"end":{"line":368,"column":63}},"86":{"start":{"line":372,"column":8},"end":{"line":372,"column":31}},"87":{"start":{"line":373,"column":8},"end":{"line":373,"column":16072}},"88":{"start":{"line":374,"column":12},"end":{"line":374,"column":68}},"89":{"start":{"line":375,"column":12},"end":{"line":375,"column":65}},"90":{"start":{"line":377,"column":12},"end":{"line":377,"column":30}},"91":{"start":{"line":378,"column":12},"end":{"line":378,"column":44}},"92":{"start":{"line":382,"column":8},"end":{"line":382,"column":16423}},"93":{"start":{"line":383,"column":12},"end":{"line":383,"column":41}},"94":{"start":{"line":385,"column":12},"end":{"line":385,"column":43}},"95":{"start":{"line":388,"column":8},"end":{"line":388,"column":16577}},"96":{"start":{"line":395,"column":8},"end":{"line":395,"column":41}},"97":{"start":{"line":401,"column":8},"end":{"line":401,"column":72}},"98":{"start":{"line":408,"column":8},"end":{"line":408,"column":48}},"99":{"start":{"line":416,"column":8},"end":{"line":416,"column":17628}},"100":{"start":{"line":421,"column":8},"end":{"line":421,"column":52}},"101":{"start":{"line":422,"column":8},"end":{"line":422,"column":65}},"102":{"start":{"line":423,"column":8},"end":{"line":423,"column":17938}},"103":{"start":{"line":426,"column":8},"end":{"line":426,"column":66}},"104":{"start":{"line":427,"column":8},"end":{"line":427,"column":18122}},"105":{"start":{"line":432,"column":8},"end":{"line":432,"column":81}},"106":{"start":{"line":437,"column":8},"end":{"line":437,"column":68}},"107":{"start":{"line":438,"column":8},"end":{"line":438,"column":18519}},"108":{"start":{"line":443,"column":8},"end":{"line":443,"column":54}},"109":{"start":{"line":444,"column":8},"end":{"line":444,"column":18760}},"110":{"start":{"line":452,"column":8},"end":{"line":452,"column":38}},"111":{"start":{"line":453,"column":8},"end":{"line":453,"column":19040}},"112":{"start":{"line":454,"column":12},"end":{"line":454,"column":43}},"113":{"start":{"line":455,"column":12},"end":{"line":455,"column":104}},"114":{"start":{"line":457,"column":8},"end":{"line":457,"column":51}},"115":{"start":{"line":458,"column":8},"end":{"line":458,"column":31}}},"branchMap":{"1":{"line":105,"type":"if","locations":[{"start":{"line":105,"column":8},"end":{"line":105,"column":8}},{"start":{"line":105,"column":8},"end":{"line":105,"column":8}}]},"2":{"line":110,"type":"if","locations":[{"start":{"line":110,"column":8},"end":{"line":110,"column":8}},{"start":{"line":110,"column":8},"end":{"line":110,"column":8}}]},"3":{"line":139,"type":"if","locations":[{"start":{"line":139,"column":8},"end":{"line":139,"column":8}},{"start":{"line":139,"column":8},"end":{"line":139,"column":8}}]},"4":{"line":140,"type":"if","locations":[{"start":{"line":140,"column":8},"end":{"line":140,"column":8}},{"start":{"line":140,"column":8},"end":{"line":140,"column":8}}]},"5":{"line":141,"type":"if","locations":[{"start":{"line":141,"column":8},"end":{"line":141,"column":8}},{"start":{"line":141,"column":8},"end":{"line":141,"column":8}}]},"6":{"line":142,"type":"if","locations":[{"start":{"line":142,"column":8},"end":{"line":142,"column":8}},{"start":{"line":142,"column":8},"end":{"line":142,"column":8}}]},"7":{"line":167,"type":"if","locations":[{"start":{"line":167,"column":8},"end":{"line":167,"column":8}},{"start":{"line":167,"column":8},"end":{"line":167,"column":8}}]},"8":{"line":186,"type":"if","locations":[{"start":{"line":186,"column":8},"end":{"line":186,"column":8}},{"start":{"line":186,"column":8},"end":{"line":186,"column":8}}]},"9":{"line":187,"type":"if","locations":[{"start":{"line":187,"column":8},"end":{"line":187,"column":8}},{"start":{"line":187,"column":8},"end":{"line":187,"column":8}}]},"10":{"line":193,"type":"if","locations":[{"start":{"line":193,"column":8},"end":{"line":193,"column":8}},{"start":{"line":193,"column":8},"end":{"line":193,"column":8}}]},"11":{"line":199,"type":"if","locations":[{"start":{"line":199,"column":8},"end":{"line":199,"column":8}},{"start":{"line":199,"column":8},"end":{"line":199,"column":8}}]},"12":{"line":200,"type":"if","locations":[{"start":{"line":200,"column":12},"end":{"line":200,"column":12}},{"start":{"line":200,"column":12},"end":{"line":200,"column":12}}]},"13":{"line":206,"type":"if","locations":[{"start":{"line":206,"column":8},"end":{"line":206,"column":8}},{"start":{"line":206,"column":8},"end":{"line":206,"column":8}}]},"14":{"line":207,"type":"if","locations":[{"start":{"line":207,"column":12},"end":{"line":207,"column":12}},{"start":{"line":207,"column":12},"end":{"line":207,"column":12}}]},"15":{"line":227,"type":"if","locations":[{"start":{"line":227,"column":8},"end":{"line":227,"column":8}},{"start":{"line":227,"column":8},"end":{"line":227,"column":8}}]},"16":{"line":228,"type":"if","locations":[{"start":{"line":228,"column":8},"end":{"line":228,"column":8}},{"start":{"line":228,"column":8},"end":{"line":228,"column":8}}]},"17":{"line":240,"type":"if","locations":[{"start":{"line":240,"column":8},"end":{"line":240,"column":8}},{"start":{"line":240,"column":8},"end":{"line":240,"column":8}}]},"18":{"line":247,"type":"if","locations":[{"start":{"line":247,"column":8},"end":{"line":247,"column":8}},{"start":{"line":247,"column":8},"end":{"line":247,"column":8}}]},"19":{"line":256,"type":"if","locations":[{"start":{"line":256,"column":8},"end":{"line":256,"column":8}},{"start":{"line":256,"column":8},"end":{"line":256,"column":8}}]},"20":{"line":257,"type":"if","locations":[{"start":{"line":257,"column":8},"end":{"line":257,"column":8}},{"start":{"line":257,"column":8},"end":{"line":257,"column":8}}]},"21":{"line":261,"type":"if","locations":[{"start":{"line":261,"column":8},"end":{"line":261,"column":8}},{"start":{"line":261,"column":8},"end":{"line":261,"column":8}}]},"22":{"line":267,"type":"if","locations":[{"start":{"line":267,"column":8},"end":{"line":267,"column":8}},{"start":{"line":267,"column":8},"end":{"line":267,"column":8}}]},"23":{"line":271,"type":"if","locations":[{"start":{"line":271,"column":12},"end":{"line":271,"column":12}},{"start":{"line":271,"column":12},"end":{"line":271,"column":12}}]},"24":{"line":277,"type":"if","locations":[{"start":{"line":277,"column":8},"end":{"line":277,"column":8}},{"start":{"line":277,"column":8},"end":{"line":277,"column":8}}]},"25":{"line":282,"type":"if","locations":[{"start":{"line":282,"column":8},"end":{"line":282,"column":8}},{"start":{"line":282,"column":8},"end":{"line":282,"column":8}}]},"26":{"line":283,"type":"if","locations":[{"start":{"line":283,"column":12},"end":{"line":283,"column":12}},{"start":{"line":283,"column":12},"end":{"line":283,"column":12}}]},"27":{"line":292,"type":"if","locations":[{"start":{"line":292,"column":8},"end":{"line":292,"column":8}},{"start":{"line":292,"column":8},"end":{"line":292,"column":8}}]},"28":{"line":297,"type":"if","locations":[{"start":{"line":297,"column":8},"end":{"line":297,"column":8}},{"start":{"line":297,"column":8},"end":{"line":297,"column":8}}]},"29":{"line":310,"type":"if","locations":[{"start":{"line":310,"column":8},"end":{"line":310,"column":8}},{"start":{"line":310,"column":8},"end":{"line":310,"column":8}}]},"30":{"line":316,"type":"if","locations":[{"start":{"line":316,"column":8},"end":{"line":316,"column":8}},{"start":{"line":316,"column":8},"end":{"line":316,"column":8}}]},"31":{"line":322,"type":"if","locations":[{"start":{"line":322,"column":8},"end":{"line":322,"column":8}},{"start":{"line":322,"column":8},"end":{"line":322,"column":8}}]},"32":{"line":328,"type":"if","locations":[{"start":{"line":328,"column":8},"end":{"line":328,"column":8}},{"start":{"line":328,"column":8},"end":{"line":328,"column":8}}]},"33":{"line":345,"type":"if","locations":[{"start":{"line":345,"column":8},"end":{"line":345,"column":8}},{"start":{"line":345,"column":8},"end":{"line":345,"column":8}}]},"34":{"line":348,"type":"if","locations":[{"start":{"line":348,"column":8},"end":{"line":348,"column":8}},{"start":{"line":348,"column":8},"end":{"line":348,"column":8}}]},"35":{"line":357,"type":"if","locations":[{"start":{"line":357,"column":8},"end":{"line":357,"column":8}},{"start":{"line":357,"column":8},"end":{"line":357,"column":8}}]},"36":{"line":367,"type":"if","locations":[{"start":{"line":367,"column":8},"end":{"line":367,"column":8}},{"start":{"line":367,"column":8},"end":{"line":367,"column":8}}]},"37":{"line":373,"type":"if","locations":[{"start":{"line":373,"column":8},"end":{"line":373,"column":8}},{"start":{"line":373,"column":8},"end":{"line":373,"column":8}}]},"38":{"line":382,"type":"if","locations":[{"start":{"line":382,"column":8},"end":{"line":382,"column":8}},{"start":{"line":382,"column":8},"end":{"line":382,"column":8}}]},"39":{"line":416,"type":"if","locations":[{"start":{"line":416,"column":8},"end":{"line":416,"column":8}},{"start":{"line":416,"column":8},"end":{"line":416,"column":8}}]},"40":{"line":427,"type":"if","locations":[{"start":{"line":427,"column":8},"end":{"line":427,"column":8}},{"start":{"line":427,"column":8},"end":{"line":427,"column":8}}]},"41":{"line":437,"type":"if","locations":[{"start":{"line":437,"column":8},"end":{"line":437,"column":8}},{"start":{"line":437,"column":8},"end":{"line":437,"column":8}}]},"42":{"line":438,"type":"if","locations":[{"start":{"line":438,"column":8},"end":{"line":438,"column":8}},{"start":{"line":438,"column":8},"end":{"line":438,"column":8}}]},"43":{"line":453,"type":"if","locations":[{"start":{"line":453,"column":8},"end":{"line":453,"column":8}},{"start":{"line":453,"column":8},"end":{"line":453,"column":8}}]},"44":{"line":455,"type":"if","locations":[{"start":{"line":455,"column":12},"end":{"line":455,"column":12}},{"start":{"line":455,"column":12},"end":{"line":455,"column":12}}]}}},"contracts/GoodGhostingPolygon.sol":{"l":{"65":75,"66":75,"77":17,"78":15,"79":13,"83":13,"84":13,"85":2,"88":13,"90":13,"91":7,"97":13,"98":2,"104":13,"105":6,"106":6,"115":17,"116":17,"117":17,"118":15,"121":15,"122":3,"125":15,"126":15,"127":15,"128":15,"130":11,"131":11,"133":11,"134":1,"137":15,"139":15,"144":15,"145":1,"151":15,"152":11,"162":33,"163":31,"165":31,"166":30,"172":30,"173":30,"174":30,"178":30,"179":30,"187":31,"188":31,"190":31,"191":7,"194":31,"198":31,"199":11,"203":31,"204":31,"205":25,"206":25,"208":6,"209":6,"213":31,"214":8,"215":8,"217":23,"218":23,"221":31,"228":31},"path":"/media/fodisi/56401C55401C3DE5/dev/Projects/goodghosting-smart-contracts/contracts/GoodGhostingPolygon.sol","s":{"1":75,"2":75,"3":17,"4":15,"5":13,"6":13,"7":13,"8":2,"9":13,"10":13,"11":7,"12":13,"13":2,"14":13,"15":6,"16":6,"17":17,"18":17,"19":17,"20":15,"21":15,"22":3,"23":15,"24":15,"25":15,"26":15,"27":11,"28":11,"29":11,"30":1,"31":15,"32":15,"33":15,"34":1,"35":15,"36":11,"37":33,"38":31,"39":31,"40":30,"41":30,"42":30,"43":30,"44":30,"45":30,"46":31,"47":31,"48":31,"49":7,"50":31,"51":31,"52":11,"53":31,"54":31,"55":25,"56":25,"57":6,"58":6,"59":31,"60":8,"61":8,"62":23,"63":23,"64":31,"65":31},"b":{"1":[15,2],"2":[13,2],"3":[2,11],"4":[7,6],"5":[7,0],"6":[2,11],"7":[2,0],"8":[6,7],"9":[6,0],"10":[17,0],"11":[15,2],"12":[3,12],"13":[11,4],"14":[1,10],"15":[15,0],"16":[1,14],"17":[1,0],"18":[11,4],"19":[11,0],"20":[31,2],"21":[30,1],"22":[30,0],"23":[7,24],"24":[11,20],"25":[25,6],"26":[8,23]},"f":{"1":75,"2":17,"3":17,"4":33},"fnMap":{"1":{"name":"constructor","line":62,"loc":{"start":{"line":36,"column":4},"end":{"line":67,"column":4}}},"2":{"name":"adminFeeWithdraw","line":75,"loc":{"start":{"line":71,"column":4},"end":{"line":111,"column":4}}},"3":{"name":"withdraw","line":114,"loc":{"start":{"line":114,"column":4},"end":{"line":157,"column":4}}},"4":{"name":"redeemFromExternalPool","line":161,"loc":{"start":{"line":161,"column":4},"end":{"line":229,"column":4}}}},"statementMap":{"1":{"start":{"line":65,"column":8},"end":{"line":65,"column":70}},"2":{"start":{"line":66,"column":8},"end":{"line":66,"column":21}},"3":{"start":{"line":77,"column":8},"end":{"line":77,"column":65}},"4":{"start":{"line":78,"column":8},"end":{"line":78,"column":61}},"5":{"start":{"line":79,"column":8},"end":{"line":79,"column":27}},"6":{"start":{"line":83,"column":8},"end":{"line":83,"column":40}},"7":{"start":{"line":84,"column":8},"end":{"line":84,"column":3734}},"8":{"start":{"line":85,"column":12},"end":{"line":85,"column":54}},"9":{"start":{"line":88,"column":8},"end":{"line":88,"column":94}},"10":{"start":{"line":90,"column":8},"end":{"line":90,"column":3962}},"11":{"start":{"line":91,"column":12},"end":{"line":91,"column":4004}},"12":{"start":{"line":97,"column":8},"end":{"line":97,"column":4167}},"13":{"start":{"line":98,"column":12},"end":{"line":98,"column":4215}},"14":{"start":{"line":104,"column":8},"end":{"line":104,"column":4400}},"15":{"start":{"line":105,"column":12},"end":{"line":105,"column":68}},"16":{"start":{"line":106,"column":12},"end":{"line":106,"column":4515}},"17":{"start":{"line":115,"column":8},"end":{"line":115,"column":51}},"18":{"start":{"line":116,"column":8},"end":{"line":116,"column":62}},"19":{"start":{"line":117,"column":8},"end":{"line":117,"column":65}},"20":{"start":{"line":118,"column":8},"end":{"line":118,"column":30}},"21":{"start":{"line":121,"column":8},"end":{"line":121,"column":5146}},"22":{"start":{"line":122,"column":12},"end":{"line":122,"column":35}},"23":{"start":{"line":125,"column":8},"end":{"line":125,"column":42}},"24":{"start":{"line":126,"column":8},"end":{"line":126,"column":35}},"25":{"start":{"line":127,"column":8},"end":{"line":127,"column":32}},"26":{"start":{"line":128,"column":8},"end":{"line":128,"column":5335}},"27":{"start":{"line":130,"column":12},"end":{"line":130,"column":69}},"28":{"start":{"line":131,"column":12},"end":{"line":131,"column":42}},"29":{"start":{"line":133,"column":12},"end":{"line":133,"column":5655}},"30":{"start":{"line":134,"column":16},"end":{"line":134,"column":73}},"31":{"start":{"line":137,"column":8},"end":{"line":137,"column":74}},"32":{"start":{"line":139,"column":8},"end":{"line":139,"column":5868}},"33":{"start":{"line":144,"column":8},"end":{"line":144,"column":6012}},"34":{"start":{"line":145,"column":12},"end":{"line":145,"column":6055}},"35":{"start":{"line":151,"column":8},"end":{"line":151,"column":6242}},"36":{"start":{"line":152,"column":12},"end":{"line":152,"column":6282}},"37":{"start":{"line":162,"column":8},"end":{"line":162,"column":75}},"38":{"start":{"line":163,"column":8},"end":{"line":163,"column":22}},"39":{"start":{"line":165,"column":8},"end":{"line":165,"column":6898}},"40":{"start":{"line":166,"column":12},"end":{"line":166,"column":6960}},"41":{"start":{"line":172,"column":12},"end":{"line":172,"column":54}},"42":{"start":{"line":173,"column":12},"end":{"line":173,"column":41}},"43":{"start":{"line":174,"column":12},"end":{"line":174,"column":7267}},"44":{"start":{"line":178,"column":12},"end":{"line":178,"column":7413}},"45":{"start":{"line":179,"column":16},"end":{"line":179,"column":7461}},"46":{"start":{"line":187,"column":8},"end":{"line":187,"column":72}},"47":{"start":{"line":188,"column":8},"end":{"line":188,"column":70}},"48":{"start":{"line":190,"column":8},"end":{"line":190,"column":7908}},"49":{"start":{"line":191,"column":12},"end":{"line":191,"column":81}},"50":{"start":{"line":194,"column":8},"end":{"line":194,"column":33}},"51":{"start":{"line":198,"column":8},"end":{"line":198,"column":8373}},"52":{"start":{"line":199,"column":12},"end":{"line":199,"column":63}},"53":{"start":{"line":203,"column":8},"end":{"line":203,"column":31}},"54":{"start":{"line":204,"column":8},"end":{"line":204,"column":8749}},"55":{"start":{"line":205,"column":12},"end":{"line":205,"column":68}},"56":{"start":{"line":206,"column":12},"end":{"line":206,"column":65}},"57":{"start":{"line":208,"column":12},"end":{"line":208,"column":30}},"58":{"start":{"line":209,"column":12},"end":{"line":209,"column":44}},"59":{"start":{"line":213,"column":8},"end":{"line":213,"column":9100}},"60":{"start":{"line":214,"column":12},"end":{"line":214,"column":31}},"61":{"start":{"line":215,"column":12},"end":{"line":215,"column":41}},"62":{"start":{"line":217,"column":12},"end":{"line":217,"column":63}},"63":{"start":{"line":218,"column":12},"end":{"line":218,"column":43}},"64":{"start":{"line":221,"column":8},"end":{"line":221,"column":9354}},"65":{"start":{"line":228,"column":8},"end":{"line":228,"column":41}}},"branchMap":{"1":{"line":77,"type":"if","locations":[{"start":{"line":77,"column":8},"end":{"line":77,"column":8}},{"start":{"line":77,"column":8},"end":{"line":77,"column":8}}]},"2":{"line":78,"type":"if","locations":[{"start":{"line":78,"column":8},"end":{"line":78,"column":8}},{"start":{"line":78,"column":8},"end":{"line":78,"column":8}}]},"3":{"line":84,"type":"if","locations":[{"start":{"line":84,"column":8},"end":{"line":84,"column":8}},{"start":{"line":84,"column":8},"end":{"line":84,"column":8}}]},"4":{"line":90,"type":"if","locations":[{"start":{"line":90,"column":8},"end":{"line":90,"column":8}},{"start":{"line":90,"column":8},"end":{"line":90,"column":8}}]},"5":{"line":91,"type":"if","locations":[{"start":{"line":91,"column":12},"end":{"line":91,"column":12}},{"start":{"line":91,"column":12},"end":{"line":91,"column":12}}]},"6":{"line":97,"type":"if","locations":[{"start":{"line":97,"column":8},"end":{"line":97,"column":8}},{"start":{"line":97,"column":8},"end":{"line":97,"column":8}}]},"7":{"line":98,"type":"if","locations":[{"start":{"line":98,"column":12},"end":{"line":98,"column":12}},{"start":{"line":98,"column":12},"end":{"line":98,"column":12}}]},"8":{"line":104,"type":"if","locations":[{"start":{"line":104,"column":8},"end":{"line":104,"column":8}},{"start":{"line":104,"column":8},"end":{"line":104,"column":8}}]},"9":{"line":106,"type":"if","locations":[{"start":{"line":106,"column":12},"end":{"line":106,"column":12}},{"start":{"line":106,"column":12},"end":{"line":106,"column":12}}]},"10":{"line":116,"type":"if","locations":[{"start":{"line":116,"column":8},"end":{"line":116,"column":8}},{"start":{"line":116,"column":8},"end":{"line":116,"column":8}}]},"11":{"line":117,"type":"if","locations":[{"start":{"line":117,"column":8},"end":{"line":117,"column":8}},{"start":{"line":117,"column":8},"end":{"line":117,"column":8}}]},"12":{"line":121,"type":"if","locations":[{"start":{"line":121,"column":8},"end":{"line":121,"column":8}},{"start":{"line":121,"column":8},"end":{"line":121,"column":8}}]},"13":{"line":128,"type":"if","locations":[{"start":{"line":128,"column":8},"end":{"line":128,"column":8}},{"start":{"line":128,"column":8},"end":{"line":128,"column":8}}]},"14":{"line":133,"type":"if","locations":[{"start":{"line":133,"column":12},"end":{"line":133,"column":12}},{"start":{"line":133,"column":12},"end":{"line":133,"column":12}}]},"15":{"line":139,"type":"if","locations":[{"start":{"line":139,"column":8},"end":{"line":139,"column":8}},{"start":{"line":139,"column":8},"end":{"line":139,"column":8}}]},"16":{"line":144,"type":"if","locations":[{"start":{"line":144,"column":8},"end":{"line":144,"column":8}},{"start":{"line":144,"column":8},"end":{"line":144,"column":8}}]},"17":{"line":145,"type":"if","locations":[{"start":{"line":145,"column":12},"end":{"line":145,"column":12}},{"start":{"line":145,"column":12},"end":{"line":145,"column":12}}]},"18":{"line":151,"type":"if","locations":[{"start":{"line":151,"column":8},"end":{"line":151,"column":8}},{"start":{"line":151,"column":8},"end":{"line":151,"column":8}}]},"19":{"line":152,"type":"if","locations":[{"start":{"line":152,"column":12},"end":{"line":152,"column":12}},{"start":{"line":152,"column":12},"end":{"line":152,"column":12}}]},"20":{"line":162,"type":"if","locations":[{"start":{"line":162,"column":8},"end":{"line":162,"column":8}},{"start":{"line":162,"column":8},"end":{"line":162,"column":8}}]},"21":{"line":165,"type":"if","locations":[{"start":{"line":165,"column":8},"end":{"line":165,"column":8}},{"start":{"line":165,"column":8},"end":{"line":165,"column":8}}]},"22":{"line":178,"type":"if","locations":[{"start":{"line":178,"column":12},"end":{"line":178,"column":12}},{"start":{"line":178,"column":12},"end":{"line":178,"column":12}}]},"23":{"line":190,"type":"if","locations":[{"start":{"line":190,"column":8},"end":{"line":190,"column":8}},{"start":{"line":190,"column":8},"end":{"line":190,"column":8}}]},"24":{"line":198,"type":"if","locations":[{"start":{"line":198,"column":8},"end":{"line":198,"column":8}},{"start":{"line":198,"column":8},"end":{"line":198,"column":8}}]},"25":{"line":204,"type":"if","locations":[{"start":{"line":204,"column":8},"end":{"line":204,"column":8}},{"start":{"line":204,"column":8},"end":{"line":204,"column":8}}]},"26":{"line":213,"type":"if","locations":[{"start":{"line":213,"column":8},"end":{"line":213,"column":8}},{"start":{"line":213,"column":8},"end":{"line":213,"column":8}}]}}},"contracts/GoodGhostingPolygonWhitelisted.sol":{"l":{"68":4,"79":15,"80":13},"path":"/media/fodisi/56401C55401C3DE5/dev/Projects/goodghosting-smart-contracts/contracts/GoodGhostingPolygonWhitelisted.sol","s":{"1":4,"2":15,"3":13},"b":{},"f":{"1":22,"2":4,"3":15},"fnMap":{"1":{"name":"constructor","line":56,"loc":{"start":{"line":26,"column":4},"end":{"line":59,"column":4}}},"2":{"name":"joinGame","line":66,"loc":{"start":{"line":63,"column":4},"end":{"line":69,"column":4}}},"3":{"name":"joinWhitelistedGame","line":77,"loc":{"start":{"line":75,"column":4},"end":{"line":81,"column":4}}}},"statementMap":{"1":{"start":{"line":68,"column":8},"end":{"line":68,"column":91}},"2":{"start":{"line":79,"column":6},"end":{"line":79,"column":48}},"3":{"start":{"line":80,"column":6},"end":{"line":80,"column":16}}},"branchMap":{}},"contracts/merkle/IMerkleDistributor.sol":{"l":{},"path":"/media/fodisi/56401C55401C3DE5/dev/Projects/goodghosting-smart-contracts/contracts/merkle/IMerkleDistributor.sol","s":{},"b":{},"f":{},"fnMap":{},"statementMap":{},"branchMap":{}},"contracts/MerkleDistributor.sol":{"l":{"15":22,"30":15,"31":15},"path":"/media/fodisi/56401C55401C3DE5/dev/Projects/goodghosting-smart-contracts/contracts/MerkleDistributor.sol","s":{"1":22,"2":15,"3":15},"b":{"1":[13,2]},"f":{"1":22,"2":15},"fnMap":{"1":{"name":"constructor","line":14,"loc":{"start":{"line":14,"column":4},"end":{"line":16,"column":4}}},"2":{"name":"claim","line":23,"loc":{"start":{"line":23,"column":4},"end":{"line":35,"column":4}}}},"statementMap":{"1":{"start":{"line":15,"column":8},"end":{"line":15,"column":31}},"2":{"start":{"line":30,"column":8},"end":{"line":30,"column":75}},"3":{"start":{"line":31,"column":8},"end":{"line":31,"column":1103}}},"branchMap":{"1":{"line":31,"type":"if","locations":[{"start":{"line":31,"column":8},"end":{"line":31,"column":8}},{"start":{"line":31,"column":8},"end":{"line":31,"column":8}}]}}},"contracts/moola/ILendingPoolCore.sol":{"l":{},"path":"/media/fodisi/56401C55401C3DE5/dev/Projects/goodghosting-smart-contracts/contracts/moola/ILendingPoolCore.sol","s":{},"b":{},"f":{},"fnMap":{},"statementMap":{},"branchMap":{}},"contracts/moola/MAToken.sol":{"l":{},"path":"/media/fodisi/56401C55401C3DE5/dev/Projects/goodghosting-smart-contracts/contracts/moola/MAToken.sol","s":{},"b":{},"f":{},"fnMap":{},"statementMap":{},"branchMap":{}},"contracts/moola/MILendingPool.sol":{"l":{},"path":"/media/fodisi/56401C55401C3DE5/dev/Projects/goodghosting-smart-contracts/contracts/moola/MILendingPool.sol","s":{},"b":{},"f":{},"fnMap":{},"statementMap":{},"branchMap":{}},"contracts/quickswap/IPair.sol":{"l":{},"path":"/media/fodisi/56401C55401C3DE5/dev/Projects/goodghosting-smart-contracts/contracts/quickswap/IPair.sol","s":{},"b":{},"f":{},"fnMap":{},"statementMap":{},"branchMap":{}},"contracts/quickswap/IRouter.sol":{"l":{},"path":"/media/fodisi/56401C55401C3DE5/dev/Projects/goodghosting-smart-contracts/contracts/quickswap/IRouter.sol","s":{},"b":{},"f":{},"fnMap":{},"statementMap":{},"branchMap":{}},"contracts/quickswap/IStake.sol":{"l":{},"path":"/media/fodisi/56401C55401C3DE5/dev/Projects/goodghosting-smart-contracts/contracts/quickswap/IStake.sol","s":{},"b":{},"f":{},"fnMap":{},"statementMap":{},"branchMap":{}}}