TN:
SF:/Users/logic/eth/viral-aave-save-game/contracts/test/LendingPoolMock.sol
FN:14,getLendingPool
FN:18,setLendingPoolImpl
FN:22,getLendingPoolCore
FN:26,setLendingPoolCoreImpl
FN:30,getLendingPoolConfigurator
FN:33,setLendingPoolConfiguratorImpl
FN:37,getLendingPoolDataProvider
FN:40,setLendingPoolDataProviderImpl
FN:44,getLendingPoolParametersProvider
FN:47,setLendingPoolParametersProviderImpl
FN:51,getTokenDistributor
FN:54,setTokenDistributor
FN:59,getFeeProvider
FN:62,setFeeProviderImpl
FN:66,getLendingPoolLiquidationManager
FN:69,setLendingPoolLiquidationManager
FN:73,getLendingPoolManager
FN:76,setLendingPoolManager
FN:80,getPriceOracle
FN:83,setPriceOracle
FN:87,getLendingRateOracle
FN:90,setLendingRateOracle
FN:95,deposit
FN:101,redeem
FN:108,setUnderlyingAssetAddress
FNF:25
FNH:3
FNDA:4,getLendingPool
FNDA:0,setLendingPoolImpl
FNDA:1,getLendingPoolCore
FNDA:0,setLendingPoolCoreImpl
FNDA:0,getLendingPoolConfigurator
FNDA:0,setLendingPoolConfiguratorImpl
FNDA:0,getLendingPoolDataProvider
FNDA:0,setLendingPoolDataProviderImpl
FNDA:0,getLendingPoolParametersProvider
FNDA:0,setLendingPoolParametersProviderImpl
FNDA:0,getTokenDistributor
FNDA:0,setTokenDistributor
FNDA:0,getFeeProvider
FNDA:0,setFeeProviderImpl
FNDA:0,getLendingPoolLiquidationManager
FNDA:0,setLendingPoolLiquidationManager
FNDA:0,getLendingPoolManager
FNDA:0,setLendingPoolManager
FNDA:0,getPriceOracle
FNDA:0,setPriceOracle
FNDA:0,getLendingRateOracle
FNDA:0,setLendingRateOracle
FNDA:3,deposit
FNDA:0,redeem
FNDA:0,setUnderlyingAssetAddress
DA:15,4
DA:23,1
DA:96,3
DA:97,3
DA:98,3
DA:102,0
DA:103,0
DA:109,0
LF:8
LH:5
BRF:0
BRH:0
end_of_record
TN:
SF:/Users/logic/eth/viral-aave-save-game/contracts/test/SimpleMintable.sol
FNF:0
FNH:0
LF:0
LH:0
BRF:0
BRH:0
end_of_record
TN:
SF:/Users/logic/eth/viral-aave-save-game/contracts/test/TestBundle.sol
FNF:0
FNH:0
LF:0
LH:0
BRF:0
BRH:0
end_of_record
TN:
SF:/Users/logic/eth/viral-aave-save-game/contracts/ViralBank.sol
FN:100,constructor
FN:112,startGame
FN:155,buyInToRound
FN:169,_buyIn
FN:182,dropout
FN:212,_withdraw
FN:232,_convertDAItoADAI
FN:252,_convertADAItoDAI
FN:267,checkForDead
FN:290,isPatientZero
FN:295,isIncubationPeriodOver
FN:303,isPlayerAddress
FN:308,isPlayerInGame
FN:318,getCurrentRoundNumber
FN:322,getLastRoundNumber
FN:327,getNextDepositStarts
FN:332,getDepositDeadline
FN:337,areWeHavingFun
FN:341,hasPlayerFinishedGame
FN:347,isCleanUpComplete
FN:352,getGameState
FN:365,getPlayerState
FN:383,getTotalAccruedInterest
FN:389,getPlayerShareOfAccruedInterest
FN:401,totalSupply
FN:405,balanceOf
FN:409,transfer
FN:413,allowance
FN:417,approve
FN:421,transferFrom
FNF:30
FNH:11
FNDA:1,constructor
FNDA:2,startGame
FNDA:1,buyInToRound
FNDA:3,_buyIn
FNDA:0,dropout
FNDA:0,_withdraw
FNDA:3,_convertDAItoADAI
FNDA:0,_convertADAItoDAI
FNDA:0,checkForDead
FNDA:1,isPatientZero
FNDA:2,isIncubationPeriodOver
FNDA:1,isPlayerAddress
FNDA:2,isPlayerInGame
FNDA:6,getCurrentRoundNumber
FNDA:0,getLastRoundNumber
FNDA:0,getNextDepositStarts
FNDA:0,getDepositDeadline
FNDA:3,areWeHavingFun
FNDA:0,hasPlayerFinishedGame
FNDA:0,isCleanUpComplete
FNDA:0,getGameState
FNDA:0,getPlayerState
FNDA:0,getTotalAccruedInterest
FNDA:0,getPlayerShareOfAccruedInterest
FNDA:0,totalSupply
FNDA:0,balanceOf
FNDA:0,transfer
FNDA:0,allowance
FNDA:0,approve
FNDA:0,transferFrom
DA:101,1
DA:102,1
DA:103,1
DA:106,1
DA:107,1
DA:108,1
DA:114,2
DA:115,2
DA:117,2
DA:119,1
DA:120,1
DA:122,1
DA:123,1
DA:126,1
DA:127,1
DA:130,2
DA:131,2
DA:133,2
DA:135,2
DA:139,2
DA:142,2
DA:143,2
DA:146,2
DA:147,2
DA:149,0
DA:150,0
DA:156,1
DA:157,1
DA:158,1
DA:161,1
DA:162,0
DA:165,1
DA:171,3
DA:173,3
DA:174,3
DA:175,3
DA:176,3
DA:178,3
DA:183,0
DA:184,0
DA:186,0
DA:188,0
DA:189,0
DA:190,0
DA:191,0
DA:192,0
DA:193,0
DA:195,0
DA:196,0
DA:197,0
DA:199,0
DA:203,0
DA:204,0
DA:205,0
DA:207,0
DA:208,0
DA:213,0
DA:215,0
DA:217,0
DA:218,0
DA:219,0
DA:221,0
DA:222,0
DA:234,3
DA:236,3
DA:239,3
DA:246,3
DA:254,0
DA:257,0
DA:260,0
DA:269,0
DA:270,0
DA:271,0
DA:273,0
DA:274,0
DA:278,0
DA:279,0
DA:280,0
DA:282,0
DA:285,0
DA:286,0
DA:291,1
DA:296,2
DA:304,1
DA:309,2
DA:310,2
DA:313,0
DA:319,6
DA:323,0
DA:328,0
DA:333,0
DA:338,3
DA:342,0
DA:343,0
DA:348,0
DA:353,0
DA:354,0
DA:356,0
DA:358,0
DA:360,0
DA:367,0
DA:368,0
DA:371,0
DA:372,0
DA:375,0
DA:376,0
DA:379,0
DA:384,0
DA:390,0
DA:402,0
DA:406,0
DA:410,0
DA:414,0
DA:418,0
DA:422,0
LF:115
LH:46
BRDA:114,1,0,2
BRDA:114,1,1,0
BRDA:115,2,0,2
BRDA:115,2,1,0
BRDA:117,3,0,1
BRDA:117,3,1,1
BRDA:119,4,0,1
BRDA:119,4,1,0
BRDA:122,5,0,1
BRDA:122,5,1,0
BRDA:123,6,0,1
BRDA:123,6,1,0
BRDA:130,7,0,2
BRDA:130,7,1,0
BRDA:147,8,0,0
BRDA:147,8,1,2
BRDA:156,9,0,1
BRDA:156,9,1,0
BRDA:157,10,0,1
BRDA:157,10,1,0
BRDA:158,11,0,1
BRDA:158,11,1,0
BRDA:161,12,0,0
BRDA:161,12,1,1
BRDA:162,13,0,0
BRDA:162,13,1,0
BRDA:183,14,0,0
BRDA:183,14,1,0
BRDA:184,15,0,0
BRDA:184,15,1,0
BRDA:192,16,0,0
BRDA:192,16,1,0
BRDA:213,17,0,0
BRDA:213,17,1,0
BRDA:215,18,0,0
BRDA:215,18,1,0
BRDA:236,19,0,3
BRDA:236,19,1,0
BRDA:239,20,0,3
BRDA:239,20,1,0
BRDA:269,21,0,0
BRDA:269,21,1,0
BRDA:270,22,0,0
BRDA:270,22,1,0
BRDA:271,23,0,0
BRDA:271,23,1,0
BRDA:273,24,0,0
BRDA:273,24,1,0
BRDA:278,25,0,0
BRDA:278,25,1,0
BRDA:309,26,0,2
BRDA:309,26,1,0
BRDA:342,27,0,0
BRDA:342,27,1,0
BRDA:353,28,0,0
BRDA:353,28,1,0
BRDA:355,29,0,0
BRDA:355,29,1,0
BRDA:357,30,0,0
BRDA:357,30,1,0
BRDA:367,31,0,0
BRDA:367,31,1,0
BRDA:371,32,0,0
BRDA:371,32,1,0
BRDA:375,33,0,0
BRDA:375,33,1,0
BRF:66
BRH:16
end_of_record
